%!Adobe-FontList 1.14
%Locale:0x409

%BeginFont
Handler:DirectoryHandler
FontType:Type1
FontName:FrutigerLTStd-Light
FamilyName:Frutiger LT Std
StyleName:45 Light
MenuName:Frutiger LT Std 45 Light
StyleBits:0
WeightClass:300
WidthClass:5
AngleClass:0
FullName:Frutiger LT Std 45 Light
WritingScript:Roman
OutlineFileName:\FrutigerLTStd-Light.otf
DataFormat:sfntData
UsesStandardEncoding:yes
isCFF:yes
FileLength:27440
FileModTime:1023444668
%EndFont

%BeginFont
Handler:DirectoryHandler
FontType:Type1
FontName:MinionPro-Regular
FamilyName:Minion Pro
StyleName:Regular
MenuName:Minion Pro
StyleBits:0
WeightClass:400
WidthClass:5
AngleClass:0
FullName:Minion Pro
WritingScript:Roman
OutlineFileName:\MinionPro-Regular.otf
DataFormat:sfntData
UsesStandardEncoding:yes
isCFF:yes
FileLength:217280
FileModTime:1349541713
DesignSize:110
%EndFont

